<?xml version="1.0" encoding="UTF-8"?>
<!-- Generated by org.testng.reporters.JUnitReportReporter -->
<testsuite skipped="0" hostname="Shadmans-MacBook-Pro.local" name="com.App.Tests.SmokeTest" tests="1" failures="0" timestamp="14 Feb 2019 04:05:22 GMT" time="48.000" errors="0">
  <testcase name="testRowSearch" time="48.000" classname="com.App.Tests.SmokeTest"/>
</testsuite> <!-- com.App.Tests.SmokeTest -->
